<?xml version="1.0" encoding="UTF-8"?>
<testng-results skipped="0" failed="0" ignored="0" total="1" passed="1">
  <reporter-output>
  </reporter-output>
  <suite name="Default suite" duration-ms="17364" started-at="2020-02-17T23:55:40 IST" finished-at="2020-02-17T23:55:57 IST">
    <groups>
    </groups>
    <test name="Default test" duration-ms="17364" started-at="2020-02-17T23:55:40 IST" finished-at="2020-02-17T23:55:57 IST">
      <class name="com.hybridFramework.Test.TC_loginTest_001">
        <test-method status="PASS" signature="setup()[pri:0, instance:com.hybridFramework.Test.TC_loginTest_001@1d29cf23]" name="setup" is-config="true" duration-ms="11129" started-at="2020-02-17T23:55:40 IST" finished-at="2020-02-17T23:55:51 IST">
          <reporter-output>
          </reporter-output>
        </test-method> <!-- setup -->
        <test-method status="PASS" signature="loginTest()[pri:0, instance:com.hybridFramework.Test.TC_loginTest_001@1d29cf23]" name="loginTest" duration-ms="5915" started-at="2020-02-17T23:55:51 IST" finished-at="2020-02-17T23:55:57 IST">
          <reporter-output>
          </reporter-output>
        </test-method> <!-- loginTest -->
        <test-method status="PASS" signature="tearDown()[pri:0, instance:com.hybridFramework.Test.TC_loginTest_001@1d29cf23]" name="tearDown" is-config="true" duration-ms="267" started-at="2020-02-17T23:55:57 IST" finished-at="2020-02-17T23:55:57 IST">
          <reporter-output>
          </reporter-output>
        </test-method> <!-- tearDown -->
      </class> <!-- com.hybridFramework.Test.TC_loginTest_001 -->
    </test> <!-- Default test -->
  </suite> <!-- Default suite -->
</testng-results>
